2013/07/29 10:42:33 [error] [exception.CHttpException.404] exception 'CHttpException' with message 'Unable to resolve the request "gii".' in D:\websites\tms\tms\www\framework\web\CWebApplication.php:286
Stack trace:
#0 D:\websites\tms\tms\www\framework\web\CWebApplication.php(141): CWebApplication->runController('gii')
#1 D:\websites\tms\tms\www\framework\base\CApplication.php(169): CWebApplication->processRequest()
#2 D:\websites\tms\tms\www\npop\index.php(13): CApplication->run()
#3 {main}
REQUEST_URI=/tms/npop/index.php?r=gii
---
2013/07/29 10:42:57 [error] [exception.CHttpException.404] exception 'CHttpException' with message 'Unable to resolve the request "gii".' in D:\websites\tms\tms\www\framework\web\CWebApplication.php:286
Stack trace:
#0 D:\websites\tms\tms\www\framework\web\CWebApplication.php(141): CWebApplication->runController('gii')
#1 D:\websites\tms\tms\www\framework\base\CApplication.php(169): CWebApplication->processRequest()
#2 D:\websites\tms\tms\www\npop\index.php(13): CApplication->run()
#3 {main}
REQUEST_URI=/tms/npop/index.php?r=gii
---
2013/07/29 10:43:44 [error] [exception.CHttpException.404] exception 'CHttpException' with message 'Unable to resolve the request "gii".' in D:\websites\tms\tms\www\framework\web\CWebApplication.php:286
Stack trace:
#0 D:\websites\tms\tms\www\framework\web\CWebApplication.php(141): CWebApplication->runController('gii')
#1 D:\websites\tms\tms\www\framework\base\CApplication.php(169): CWebApplication->processRequest()
#2 D:\websites\tms\tms\www\npop\index.php(13): CApplication->run()
#3 {main}
REQUEST_URI=/tms/npop/index.php?r=gii
---
2013/07/29 10:44:00 [error] [exception.CHttpException.404] exception 'CHttpException' with message 'Unable to resolve the request "gii/".' in D:\websites\tms\tms\www\framework\web\CWebApplication.php:286
Stack trace:
#0 D:\websites\tms\tms\www\framework\web\CWebApplication.php(141): CWebApplication->runController('gii/')
#1 D:\websites\tms\tms\www\framework\base\CApplication.php(169): CWebApplication->processRequest()
#2 D:\websites\tms\tms\www\npop\index.php(13): CApplication->run()
#3 {main}
REQUEST_URI=/tms/npop/index.php?r=gii/
---
2013/07/29 10:44:42 [error] [exception.CHttpException.404] exception 'CHttpException' with message 'Unable to resolve the request "gii/".' in D:\websites\tms\tms\www\framework\web\CWebApplication.php:286
Stack trace:
#0 D:\websites\tms\tms\www\framework\web\CWebApplication.php(141): CWebApplication->runController('gii/')
#1 D:\websites\tms\tms\www\framework\base\CApplication.php(169): CWebApplication->processRequest()
#2 D:\websites\tms\tms\www\npop\index.php(13): CApplication->run()
#3 {main}
REQUEST_URI=/tms/npop/index.php?r=gii/
---
2013/07/29 10:44:52 [error] [exception.CHttpException.404] exception 'CHttpException' with message 'Unable to resolve the request "gii/".' in D:\websites\tms\tms\www\framework\web\CWebApplication.php:286
Stack trace:
#0 D:\websites\tms\tms\www\framework\web\CWebApplication.php(141): CWebApplication->runController('gii/')
#1 D:\websites\tms\tms\www\framework\base\CApplication.php(169): CWebApplication->processRequest()
#2 D:\websites\tms\tms\www\npop\index.php(13): CApplication->run()
#3 {main}
REQUEST_URI=/tms/npop/index.php?r=gii/
---
2013/07/29 10:44:55 [error] [exception.CHttpException.404] exception 'CHttpException' with message 'Unable to resolve the request "gii".' in D:\websites\tms\tms\www\framework\web\CWebApplication.php:286
Stack trace:
#0 D:\websites\tms\tms\www\framework\web\CWebApplication.php(141): CWebApplication->runController('gii')
#1 D:\websites\tms\tms\www\framework\base\CApplication.php(169): CWebApplication->processRequest()
#2 D:\websites\tms\tms\www\npop\index.php(13): CApplication->run()
#3 {main}
REQUEST_URI=/tms/npop/index.php?r=gii
---
2013/07/29 10:47:26 [error] [exception.CHttpException.404] exception 'CHttpException' with message 'Unable to resolve the request "gii".' in D:\websites\tms\tms\www\framework\web\CWebApplication.php:286
Stack trace:
#0 D:\websites\tms\tms\www\framework\web\CWebApplication.php(141): CWebApplication->runController('gii')
#1 D:\websites\tms\tms\www\framework\base\CApplication.php(169): CWebApplication->processRequest()
#2 D:\websites\tms\tms\www\npop\index.php(13): CApplication->run()
#3 {main}
REQUEST_URI=/tms/npop/index.php?r=gii
---
2013/07/29 10:47:28 [error] [exception.CHttpException.404] exception 'CHttpException' with message 'Unable to resolve the request "gii".' in D:\websites\tms\tms\www\framework\web\CWebApplication.php:286
Stack trace:
#0 D:\websites\tms\tms\www\framework\web\CWebApplication.php(141): CWebApplication->runController('gii')
#1 D:\websites\tms\tms\www\framework\base\CApplication.php(169): CWebApplication->processRequest()
#2 D:\websites\tms\tms\www\npop\index.php(13): CApplication->run()
#3 {main}
REQUEST_URI=/tms/npop/index.php?r=gii
---
2013/07/29 10:47:30 [error] [exception.CHttpException.404] exception 'CHttpException' with message 'Unable to resolve the request "gii".' in D:\websites\tms\tms\www\framework\web\CWebApplication.php:286
Stack trace:
#0 D:\websites\tms\tms\www\framework\web\CWebApplication.php(141): CWebApplication->runController('gii')
#1 D:\websites\tms\tms\www\framework\base\CApplication.php(169): CWebApplication->processRequest()
#2 D:\websites\tms\tms\www\npop\index.php(13): CApplication->run()
#3 {main}
REQUEST_URI=/tms/npop/index.php?r=gii
---
